<?xml version="1.0" encoding="UTF-8" ?>
<testsuite failures="0" time="0.027" errors="0" skipped="0" tests="1" name="service.PasswordServiceTest">
  <properties>
    <property name="java.runtime.name" value="Java(TM) SE Runtime Environment"/>
    <property name="sun.boot.library.path" value="C:\Java\JDK\jdk1.6.0_27\jre\bin"/>
    <property name="java.vm.version" value="20.2-b06"/>
    <property name="java.vm.vendor" value="Sun Microsystems Inc."/>
    <property name="java.vendor.url" value="http://java.sun.com/"/>
    <property name="path.separator" value=";"/>
    <property name="java.vm.name" value="Java HotSpot(TM) Client VM"/>
    <property name="file.encoding.pkg" value="sun.io"/>
    <property name="user.country" value="DE"/>
    <property name="sun.java.launcher" value="SUN_STANDARD"/>
    <property name="sun.os.patch.level" value=""/>
    <property name="java.vm.specification.name" value="Java Virtual Machine Specification"/>
    <property name="user.dir" value="C:\workspacez\workspace_jboss_seven\swbank_20111012"/>
    <property name="java.runtime.version" value="1.6.0_27-b07"/>
    <property name="java.awt.graphicsenv" value="sun.awt.Win32GraphicsEnvironment"/>
    <property name="basedir" value="C:\workspacez\workspace_jboss_seven\swbank_20111012"/>
    <property name="java.endorsed.dirs" value="C:\Java\JDK\jdk1.6.0_27\jre\lib\endorsed"/>
    <property name="os.arch" value="x86"/>
    <property name="surefire.real.class.path" value="C:\workspacez\workspace_jboss_seven\swbank_20111012\target\surefire\surefirebooter6428089963476324837.jar"/>
    <property name="java.io.tmpdir" value="C:\Users\lars\AppData\Local\Temp\"/>
    <property name="line.separator" value="
"/>
    <property name="java.vm.specification.vendor" value="Sun Microsystems Inc."/>
    <property name="user.variant" value=""/>
    <property name="os.name" value="Windows 7"/>
    <property name="sun.jnu.encoding" value="Cp1252"/>
    <property name="java.library.path" value="C:\Java\JDK\jdk1.6.0_27\jre\bin;C:\Windows\Sun\Java\bin;C:\Windows\system32;C:\Windows;C:\Program Files\Common Files\Microsoft Shared\Windows Live;C:\Windows\system32;C:\Windows;C:\Windows\System32\Wbem;C:\Windows\System32\WindowsPowerShell\v1.0\;C:\Program Files (x86)\ATI Technologies\ATI.ACE\Core-Static;C:\Program Files\Broadcom\Broadcom 802.11\Driver;C:\Program Files\WIDCOMM\Bluetooth Software\;C:\Program Files\WIDCOMM\Bluetooth Software\syswow64;C:\apache-maven-2.2.1\bin;C:\Program Files (x86)\QuickTime\QTSystem\;C:\Program Files (x86)\MikTeX\miktex\bin;C:\apache-maven-3.0.3\bin;C:\jbossez\jboss-6.0.0.Final;C:\Java\JDK\jdk1.6.0_26;C:\Users\lars;."/>
    <property name="surefire.test.class.path" value="C:\workspacez\workspace_jboss_seven\swbank_20111012\target\test-classes;C:\workspacez\workspace_jboss_seven\swbank_20111012\target\classes;C:\maven-repository-ekss\org\jboss\spec\javax\annotation\jboss-annotations-api_1.1_spec\1.0.0.Final\jboss-annotations-api_1.1_spec-1.0.0.Final.jar;C:\maven-repository-ekss\org\jboss\spec\javax\resource\jboss-connector-api_1.6_spec\1.0.0.Final\jboss-connector-api_1.6_spec-1.0.0.Final.jar;C:\maven-repository-ekss\org\jboss\spec\javax\ejb\jboss-ejb-api_3.1_spec\1.0.1.Final\jboss-ejb-api_3.1_spec-1.0.1.Final.jar;C:\maven-repository-ekss\org\jboss\spec\javax\el\jboss-el-api_2.2_spec\1.0.0.Final\jboss-el-api_2.2_spec-1.0.0.Final.jar;C:\maven-repository-ekss\org\jboss\spec\javax\faces\jboss-jsf-api_2.0_spec\1.0.0.Final\jboss-jsf-api_2.0_spec-1.0.0.Final.jar;C:\maven-repository-ekss\org\jboss\spec\javax\interceptor\jboss-interceptors-api_1.1_spec\1.0.0.Final\jboss-interceptors-api_1.1_spec-1.0.0.Final.jar;C:\maven-repository-ekss\org\jboss\spec\javax\security\auth\message\jboss-jaspi-api_1.0_spec\1.0.0.Final\jboss-jaspi-api_1.0_spec-1.0.0.Final.jar;C:\maven-repository-ekss\org\jboss\spec\javax\servlet\jsp\jboss-jsp-api_2.2_spec\1.0.0.Final\jboss-jsp-api_2.2_spec-1.0.0.Final.jar;C:\maven-repository-ekss\org\jboss\spec\javax\servlet\jstl\jboss-jstl-api_1.2_spec\1.0.1.Final\jboss-jstl-api_1.2_spec-1.0.1.Final.jar;C:\maven-repository-ekss\org\apache\xalan\xalan\2.7.1-1.jbossorg\xalan-2.7.1-1.jbossorg.jar;C:\maven-repository-ekss\org\jboss\spec\javax\servlet\jboss-servlet-api_3.0_spec\1.0.0.Final\jboss-servlet-api_3.0_spec-1.0.0.Final.jar;C:\maven-repository-ekss\org\jboss\spec\javax\transaction\jboss-transaction-api_1.1_spec\1.0.0.Final\jboss-transaction-api_1.1_spec-1.0.0.Final.jar;C:\maven-repository-ekss\org\jboss\spec\javax\ws\rs\jboss-jaxrs-api_1.1_spec\1.0.0.Final\jboss-jaxrs-api_1.1_spec-1.0.0.Final.jar;C:\maven-repository-ekss\org\jboss\spec\javax\xml\bind\jboss-jaxb-api_2.2_spec\1.0.2.Final\jboss-jaxb-api_2.2_spec-1.0.2.Final.jar;C:\maven-repository-ekss\javax\enterprise\cdi-api\1.0-SP4\cdi-api-1.0-SP4.jar;C:\maven-repository-ekss\javax\inject\javax.inject\1\javax.inject-1.jar;C:\maven-repository-ekss\org\hibernate\javax\persistence\hibernate-jpa-2.0-api\1.0.1.Final\hibernate-jpa-2.0-api-1.0.1.Final.jar;C:\maven-repository-ekss\javax\validation\validation-api\1.0.0.GA\validation-api-1.0.0.GA.jar;C:\maven-repository-ekss\org\jboss\seam\solder\seam-solder\3.0.0.Final\seam-solder-3.0.0.Final.jar;C:\maven-repository-ekss\org\hibernate\hibernate-validator\4.1.0.Final\hibernate-validator-4.1.0.Final.jar;C:\maven-repository-ekss\junit\junit\4.8.1\junit-4.8.1.jar;C:\maven-repository-ekss\org\primefaces\primefaces\2.2.1\primefaces-2.2.1.jar;"/>
    <property name="java.specification.name" value="Java Platform API Specification"/>
    <property name="java.class.version" value="50.0"/>
    <property name="sun.management.compiler" value="HotSpot Client Compiler"/>
    <property name="os.version" value="6.1"/>
    <property name="user.home" value="C:\Users\lars"/>
    <property name="user.timezone" value=""/>
    <property name="java.awt.printerjob" value="sun.awt.windows.WPrinterJob"/>
    <property name="java.specification.version" value="1.6"/>
    <property name="file.encoding" value="Cp1252"/>
    <property name="user.name" value="lars"/>
    <property name="java.class.path" value="C:\workspacez\workspace_jboss_seven\swbank_20111012\target\test-classes;C:\workspacez\workspace_jboss_seven\swbank_20111012\target\classes;C:\maven-repository-ekss\org\jboss\spec\javax\annotation\jboss-annotations-api_1.1_spec\1.0.0.Final\jboss-annotations-api_1.1_spec-1.0.0.Final.jar;C:\maven-repository-ekss\org\jboss\spec\javax\resource\jboss-connector-api_1.6_spec\1.0.0.Final\jboss-connector-api_1.6_spec-1.0.0.Final.jar;C:\maven-repository-ekss\org\jboss\spec\javax\ejb\jboss-ejb-api_3.1_spec\1.0.1.Final\jboss-ejb-api_3.1_spec-1.0.1.Final.jar;C:\maven-repository-ekss\org\jboss\spec\javax\el\jboss-el-api_2.2_spec\1.0.0.Final\jboss-el-api_2.2_spec-1.0.0.Final.jar;C:\maven-repository-ekss\org\jboss\spec\javax\faces\jboss-jsf-api_2.0_spec\1.0.0.Final\jboss-jsf-api_2.0_spec-1.0.0.Final.jar;C:\maven-repository-ekss\org\jboss\spec\javax\interceptor\jboss-interceptors-api_1.1_spec\1.0.0.Final\jboss-interceptors-api_1.1_spec-1.0.0.Final.jar;C:\maven-repository-ekss\org\jboss\spec\javax\security\auth\message\jboss-jaspi-api_1.0_spec\1.0.0.Final\jboss-jaspi-api_1.0_spec-1.0.0.Final.jar;C:\maven-repository-ekss\org\jboss\spec\javax\servlet\jsp\jboss-jsp-api_2.2_spec\1.0.0.Final\jboss-jsp-api_2.2_spec-1.0.0.Final.jar;C:\maven-repository-ekss\org\jboss\spec\javax\servlet\jstl\jboss-jstl-api_1.2_spec\1.0.1.Final\jboss-jstl-api_1.2_spec-1.0.1.Final.jar;C:\maven-repository-ekss\org\apache\xalan\xalan\2.7.1-1.jbossorg\xalan-2.7.1-1.jbossorg.jar;C:\maven-repository-ekss\org\jboss\spec\javax\servlet\jboss-servlet-api_3.0_spec\1.0.0.Final\jboss-servlet-api_3.0_spec-1.0.0.Final.jar;C:\maven-repository-ekss\org\jboss\spec\javax\transaction\jboss-transaction-api_1.1_spec\1.0.0.Final\jboss-transaction-api_1.1_spec-1.0.0.Final.jar;C:\maven-repository-ekss\org\jboss\spec\javax\ws\rs\jboss-jaxrs-api_1.1_spec\1.0.0.Final\jboss-jaxrs-api_1.1_spec-1.0.0.Final.jar;C:\maven-repository-ekss\org\jboss\spec\javax\xml\bind\jboss-jaxb-api_2.2_spec\1.0.2.Final\jboss-jaxb-api_2.2_spec-1.0.2.Final.jar;C:\maven-repository-ekss\javax\enterprise\cdi-api\1.0-SP4\cdi-api-1.0-SP4.jar;C:\maven-repository-ekss\javax\inject\javax.inject\1\javax.inject-1.jar;C:\maven-repository-ekss\org\hibernate\javax\persistence\hibernate-jpa-2.0-api\1.0.1.Final\hibernate-jpa-2.0-api-1.0.1.Final.jar;C:\maven-repository-ekss\javax\validation\validation-api\1.0.0.GA\validation-api-1.0.0.GA.jar;C:\maven-repository-ekss\org\jboss\seam\solder\seam-solder\3.0.0.Final\seam-solder-3.0.0.Final.jar;C:\maven-repository-ekss\org\hibernate\hibernate-validator\4.1.0.Final\hibernate-validator-4.1.0.Final.jar;C:\maven-repository-ekss\junit\junit\4.8.1\junit-4.8.1.jar;C:\maven-repository-ekss\org\primefaces\primefaces\2.2.1\primefaces-2.2.1.jar;"/>
    <property name="java.vm.specification.version" value="1.0"/>
    <property name="sun.arch.data.model" value="32"/>
    <property name="java.home" value="C:\Java\JDK\jdk1.6.0_27\jre"/>
    <property name="sun.java.command" value="C:\workspacez\workspace_jboss_seven\swbank_20111012\target\surefire\surefirebooter6428089963476324837.jar C:\workspacez\workspace_jboss_seven\swbank_20111012\target\surefire\surefire8155384475250608486tmp C:\workspacez\workspace_jboss_seven\swbank_20111012\target\surefire\surefire2674771272365797797tmp"/>
    <property name="java.specification.vendor" value="Sun Microsystems Inc."/>
    <property name="user.language" value="de"/>
    <property name="awt.toolkit" value="sun.awt.windows.WToolkit"/>
    <property name="java.vm.info" value="mixed mode, sharing"/>
    <property name="java.version" value="1.6.0_27"/>
    <property name="java.ext.dirs" value="C:\Java\JDK\jdk1.6.0_27\jre\lib\ext;C:\Windows\Sun\Java\lib\ext"/>
    <property name="sun.boot.class.path" value="C:\Java\JDK\jdk1.6.0_27\jre\lib\resources.jar;C:\Java\JDK\jdk1.6.0_27\jre\lib\rt.jar;C:\Java\JDK\jdk1.6.0_27\jre\lib\sunrsasign.jar;C:\Java\JDK\jdk1.6.0_27\jre\lib\jsse.jar;C:\Java\JDK\jdk1.6.0_27\jre\lib\jce.jar;C:\Java\JDK\jdk1.6.0_27\jre\lib\charsets.jar;C:\Java\JDK\jdk1.6.0_27\jre\lib\modules\jdk.boot.jar;C:\Java\JDK\jdk1.6.0_27\jre\classes"/>
    <property name="java.vendor" value="Sun Microsystems Inc."/>
    <property name="localRepository" value="C:\maven-repository-ekss"/>
    <property name="file.separator" value="\"/>
    <property name="java.vendor.url.bug" value="http://java.sun.com/cgi-bin/bugreport.cgi"/>
    <property name="sun.cpu.endian" value="little"/>
    <property name="sun.io.unicode.encoding" value="UnicodeLittle"/>
    <property name="sun.desktop" value="windows"/>
    <property name="sun.cpu.isalist" value="pentium_pro+mmx pentium_pro pentium+mmx pentium i486 i386 i86"/>
  </properties>
  <testcase time="0.006" classname="service.PasswordServiceTest" name="testPasswordService"/>
</testsuite>